Determining if the pthread_create exist failed with the following output:
Change Dir: /fs03/share/users/florent.cadot/home/Bureau/Proto/catkin_ws/build/CMakeFiles/CMakeTmp

Run Build Command:/usr/bin/make "cmTryCompileExec3257862869/fast"
make: AVERTISSEMENT: fichier « Makefile » a une date de modification 0,00017 dans le futur
/usr/bin/make -f CMakeFiles/cmTryCompileExec3257862869.dir/build.make CMakeFiles/cmTryCompileExec3257862869.dir/build
make[1]: entrant dans le répertoire « /fs03/share/users/florent.cadot/home/Bureau/Proto/catkin_ws/build/CMakeFiles/CMakeTmp »
make[1]: AVERTISSEMENT: fichier « CMakeFiles/cmTryCompileExec3257862869.dir/progress.make » a une date de modification 0,008 dans le futur
/usr/bin/cmake -E cmake_progress_report /fs03/share/users/florent.cadot/home/Bureau/Proto/catkin_ws/build/CMakeFiles/CMakeTmp/CMakeFiles 1
Building C object CMakeFiles/cmTryCompileExec3257862869.dir/CheckSymbolExists.c.o
/usr/bin/cc    -o CMakeFiles/cmTryCompileExec3257862869.dir/CheckSymbolExists.c.o   -c /fs03/share/users/florent.cadot/home/Bureau/Proto/catkin_ws/build/CMakeFiles/CMakeTmp/CheckSymbolExists.c
Linking C executable cmTryCompileExec3257862869
/usr/bin/cmake -E cmake_link_script CMakeFiles/cmTryCompileExec3257862869.dir/link.txt --verbose=1
/usr/bin/cc       CMakeFiles/cmTryCompileExec3257862869.dir/CheckSymbolExists.c.o  -o cmTryCompileExec3257862869 -rdynamic 
CMakeFiles/cmTryCompileExec3257862869.dir/CheckSymbolExists.c.o : Dans la fonction « main » :
CheckSymbolExists.c:(.text+0x16) : référence indéfinie vers « pthread_create »
collect2: error: ld returned 1 exit status
make[1]: *** [cmTryCompileExec3257862869] Erreur 1
make[1]: quittant le répertoire « /fs03/share/users/florent.cadot/home/Bureau/Proto/catkin_ws/build/CMakeFiles/CMakeTmp »
make: *** [cmTryCompileExec3257862869/fast] Erreur 2

File /fs03/share/users/florent.cadot/home/Bureau/Proto/catkin_ws/build/CMakeFiles/CMakeTmp/CheckSymbolExists.c:
/* */
#include <pthread.h>

int main(int argc, char** argv)
{
  (void)argv;
#ifndef pthread_create
  return ((int*)(&pthread_create))[argc];
#else
  (void)argc;
  return 0;
#endif
}

Determining if the function pthread_create exists in the pthreads failed with the following output:
Change Dir: /fs03/share/users/florent.cadot/home/Bureau/Proto/catkin_ws/build/CMakeFiles/CMakeTmp

Run Build Command:/usr/bin/make "cmTryCompileExec2412148852/fast"
make: AVERTISSEMENT: fichier « Makefile » a une date de modification 0,0098 dans le futur
/usr/bin/make -f CMakeFiles/cmTryCompileExec2412148852.dir/build.make CMakeFiles/cmTryCompileExec2412148852.dir/build
make[1]: entrant dans le répertoire « /fs03/share/users/florent.cadot/home/Bureau/Proto/catkin_ws/build/CMakeFiles/CMakeTmp »
make[1]: AVERTISSEMENT: fichier « CMakeFiles/cmTryCompileExec2412148852.dir/progress.make » a une date de modification 0,02 dans le futur
/usr/bin/cmake -E cmake_progress_report /fs03/share/users/florent.cadot/home/Bureau/Proto/catkin_ws/build/CMakeFiles/CMakeTmp/CMakeFiles 1
Building C object CMakeFiles/cmTryCompileExec2412148852.dir/CheckFunctionExists.c.o
/usr/bin/cc   -DCHECK_FUNCTION_EXISTS=pthread_create   -o CMakeFiles/cmTryCompileExec2412148852.dir/CheckFunctionExists.c.o   -c /usr/share/cmake-2.8/Modules/CheckFunctionExists.c
Linking C executable cmTryCompileExec2412148852
/usr/bin/cmake -E cmake_link_script CMakeFiles/cmTryCompileExec2412148852.dir/link.txt --verbose=1
/usr/bin/cc   -DCHECK_FUNCTION_EXISTS=pthread_create    CMakeFiles/cmTryCompileExec2412148852.dir/CheckFunctionExists.c.o  -o cmTryCompileExec2412148852 -rdynamic -lpthreads 
/usr/bin/ld : ne peut trouver -lpthreads
collect2: error: ld returned 1 exit status
make[1]: *** [cmTryCompileExec2412148852] Erreur 1
make[1]: quittant le répertoire « /fs03/share/users/florent.cadot/home/Bureau/Proto/catkin_ws/build/CMakeFiles/CMakeTmp »
make: *** [cmTryCompileExec2412148852/fast] Erreur 2


